# JRE version: Java(TM) SE Runtime Environment (8.0_121-b13) (build 1.8.0_121-b13)
# Java VM: Java HotSpot(TM) 64-Bit Server VM (25.121-b13 mixed mode windows-amd64 compressed oops)
Heap:
 PSYoungGen      total 162816K, used 148102K [0x000000076d600000, 0x0000000778b00000, 0x00000007c0000000)
  eden space 148480K, 91% used [0x000000076d600000,0x0000000775a45540,0x0000000776700000)
  from space 14336K, 88% used [0x0000000777680000,0x00000007782dc3d0,0x0000000778480000)
  to   space 15872K, 0% used [0x0000000776700000,0x0000000776700000,0x0000000777680000)
 ParOldGen       total 111104K, used 12719K [0x00000006c8200000, 0x00000006cee80000, 0x000000076d600000)
  object space 111104K, 11% used [0x00000006c8200000,0x00000006c8e6bdb0,0x00000006cee80000)
 Metaspace       used 34825K, capacity 35248K, committed 35416K, reserved 1081344K
  class space    used 4325K, capacity 4457K, committed 4480K, reserved 1048576K
GC Heap History (10 events):
Event: 4.386 GC heap before
{Heap before GC invocations=3 (full 1):
 PSYoungGen      total 74240K, used 10214K [0x000000076d600000, 0x0000000772880000, 0x00000007c0000000)
  eden space 64000K, 0% used [0x000000076d600000,0x000000076d600000,0x0000000771480000)
  from space 10240K, 99% used [0x0000000771e80000,0x0000000772879810,0x0000000772880000)
  to   space 10240K, 0% used [0x0000000771480000,0x0000000771480000,0x0000000771e80000)
 ParOldGen       total 169472K, used 3042K [0x00000006c8200000, 0x00000006d2780000, 0x000000076d600000)
  object space 169472K, 1% used [0x00000006c8200000,0x00000006c84f8a40,0x00000006d2780000)
 Metaspace       used 20842K, capacity 21128K, committed 21248K, reserved 1067008K
  class space    used 2621K, capacity 2710K, committed 2816K, reserved 1048576K
Event: 4.423 GC heap after
Heap after GC invocations=3 (full 1):
 PSYoungGen      total 74240K, used 0K [0x000000076d600000, 0x0000000772880000, 0x00000007c0000000)
  eden space 64000K, 0% used [0x000000076d600000,0x000000076d600000,0x0000000771480000)
  from space 10240K, 0% used [0x0000000771e80000,0x0000000771e80000,0x0000000772880000)
  to   space 10240K, 0% used [0x0000000771480000,0x0000000771480000,0x0000000771e80000)
 ParOldGen       total 111104K, used 12711K [0x00000006c8200000, 0x00000006cee80000, 0x000000076d600000)
  object space 111104K, 11% used [0x00000006c8200000,0x00000006c8e69db0,0x00000006cee80000)
 Metaspace       used 20842K, capacity 21128K, committed 21248K, reserved 1067008K
  class space    used 2621K, capacity 2710K, committed 2816K, reserved 1048576K
}
Event: 5.624 GC heap before
{Heap before GC invocations=4 (full 1):
 PSYoungGen      total 74240K, used 64000K [0x000000076d600000, 0x0000000772880000, 0x00000007c0000000)
  eden space 64000K, 100% used [0x000000076d600000,0x0000000771480000,0x0000000771480000)
  from space 10240K, 0% used [0x0000000771e80000,0x0000000771e80000,0x0000000772880000)
  to   space 10240K, 0% used [0x0000000771480000,0x0000000771480000,0x0000000771e80000)
 ParOldGen       total 111104K, used 12711K [0x00000006c8200000, 0x00000006cee80000, 0x000000076d600000)
  object space 111104K, 11% used [0x00000006c8200000,0x00000006c8e69db0,0x00000006cee80000)
 Metaspace       used 24531K, capacity 24880K, committed 25088K, reserved 1071104K
  class space    used 3099K, capacity 3209K, committed 3328K, reserved 1048576K
Event: 5.630 GC heap after
Heap after GC invocations=4 (full 1):
 PSYoungGen      total 74240K, used 4573K [0x000000076d600000, 0x0000000774700000, 0x00000007c0000000)
  eden space 64000K, 0% used [0x000000076d600000,0x000000076d600000,0x0000000771480000)
  from space 10240K, 44% used [0x0000000771480000,0x00000007718f7628,0x0000000771e80000)
  to   space 10240K, 0% used [0x0000000773d00000,0x0000000773d00000,0x0000000774700000)
 ParOldGen       total 111104K, used 12719K [0x00000006c8200000, 0x00000006cee80000, 0x000000076d600000)
  object space 111104K, 11% used [0x00000006c8200000,0x00000006c8e6bdb0,0x00000006cee80000)
 Metaspace       used 24531K, capacity 24880K, committed 25088K, reserved 1071104K
  class space    used 3099K, capacity 3209K, committed 3328K, reserved 1048576K
}
Event: 6.112 GC heap before
{Heap before GC invocations=5 (full 1):
 PSYoungGen      total 74240K, used 68573K [0x000000076d600000, 0x0000000774700000, 0x00000007c0000000)
  eden space 64000K, 100% used [0x000000076d600000,0x0000000771480000,0x0000000771480000)
  from space 10240K, 44% used [0x0000000771480000,0x00000007718f7628,0x0000000771e80000)
  to   space 10240K, 0% used [0x0000000773d00000,0x0000000773d00000,0x0000000774700000)
 ParOldGen       total 111104K, used 12719K [0x00000006c8200000, 0x00000006cee80000, 0x000000076d600000)
  object space 111104K, 11% used [0x00000006c8200000,0x00000006c8e6bdb0,0x00000006cee80000)
 Metaspace       used 25543K, capacity 25902K, committed 26112K, reserved 1073152K
  class space    used 3218K, capacity 3310K, committed 3328K, reserved 1048576K
Event: 6.120 GC heap after
Heap after GC invocations=5 (full 1):
 PSYoungGen      total 105472K, used 5629K [0x000000076d600000, 0x0000000774a80000, 0x00000007c0000000)
  eden space 95232K, 0% used [0x000000076d600000,0x000000076d600000,0x0000000773300000)
  from space 10240K, 54% used [0x0000000773d00000,0x000000077427f580,0x0000000774700000)
  to   space 10240K, 0% used [0x0000000773300000,0x0000000773300000,0x0000000773d00000)
 ParOldGen       total 111104K, used 12719K [0x00000006c8200000, 0x00000006cee80000, 0x000000076d600000)
  object space 111104K, 11% used [0x00000006c8200000,0x00000006c8e6bdb0,0x00000006cee80000)
 Metaspace       used 25543K, capacity 25902K, committed 26112K, reserved 1073152K
  class space    used 3218K, capacity 3310K, committed 3328K, reserved 1048576K
}
Event: 7.072 GC heap before
{Heap before GC invocations=6 (full 1):
 PSYoungGen      total 105472K, used 100861K [0x000000076d600000, 0x0000000774a80000, 0x00000007c0000000)
  eden space 95232K, 100% used [0x000000076d600000,0x0000000773300000,0x0000000773300000)
  from space 10240K, 54% used [0x0000000773d00000,0x000000077427f580,0x0000000774700000)
  to   space 10240K, 0% used [0x0000000773300000,0x0000000773300000,0x0000000773d00000)
 ParOldGen       total 111104K, used 12719K [0x00000006c8200000, 0x00000006cee80000, 0x000000076d600000)
  object space 111104K, 11% used [0x00000006c8200000,0x00000006c8e6bdb0,0x00000006cee80000)
 Metaspace       used 28569K, capacity 28936K, committed 29056K, reserved 1075200K
  class space    used 3609K, capacity 3709K, committed 3712K, reserved 1048576K
Event: 7.087 GC heap after
Heap after GC invocations=6 (full 1):
 PSYoungGen      total 105472K, used 9096K [0x000000076d600000, 0x0000000778480000, 0x00000007c0000000)
  eden space 95232K, 0% used [0x000000076d600000,0x000000076d600000,0x0000000773300000)
  from space 10240K, 88% used [0x0000000773300000,0x0000000773be20d8,0x0000000773d00000)
  to   space 14336K, 0% used [0x0000000777680000,0x0000000777680000,0x0000000778480000)
 ParOldGen       total 111104K, used 12719K [0x00000006c8200000, 0x00000006cee80000, 0x000000076d600000)
  object space 111104K, 11% used [0x00000006c8200000,0x00000006c8e6bdb0,0x00000006cee80000)
 Metaspace       used 28569K, capacity 28936K, committed 29056K, reserved 1075200K
  class space    used 3609K, capacity 3709K, committed 3712K, reserved 1048576K
}
Event: 8.106 GC heap before
{Heap before GC invocations=7 (full 1):
 PSYoungGen      total 105472K, used 104328K [0x000000076d600000, 0x0000000778480000, 0x00000007c0000000)
  eden space 95232K, 100% used [0x000000076d600000,0x0000000773300000,0x0000000773300000)
  from space 10240K, 88% used [0x0000000773300000,0x0000000773be20d8,0x0000000773d00000)
  to   space 14336K, 0% used [0x0000000777680000,0x0000000777680000,0x0000000778480000)
 ParOldGen       total 111104K, used 12719K [0x00000006c8200000, 0x00000006cee80000, 0x000000076d600000)
  object space 111104K, 11% used [0x00000006c8200000,0x00000006c8e6bdb0,0x00000006cee80000)
 Metaspace       used 32170K, capacity 32574K, committed 32896K, reserved 1077248K
  class space    used 4030K, capacity 4166K, committed 4224K, reserved 1048576K
Event: 8.126 GC heap after
Heap after GC invocations=7 (full 1):
 PSYoungGen      total 162816K, used 12656K [0x000000076d600000, 0x0000000778b00000, 0x00000007c0000000)
  eden space 148480K, 0% used [0x000000076d600000,0x000000076d600000,0x0000000776700000)
  from space 14336K, 88% used [0x0000000777680000,0x00000007782dc3d0,0x0000000778480000)
  to   space 15872K, 0% used [0x0000000776700000,0x0000000776700000,0x0000000777680000)
 ParOldGen       total 111104K, used 12719K [0x00000006c8200000, 0x00000006cee80000, 0x000000076d600000)
  object space 111104K, 11% used [0x00000006c8200000,0x00000006c8e6bdb0,0x00000006cee80000)
 Metaspace       used 32170K, capacity 32574K, committed 32896K, reserved 1077248K
  class space    used 4030K, capacity 4166K, committed 4224K, reserved 1048576K
}

